<?xml version="1.0" encoding="UTF-8"?>
<!-- Generated by org.testng.reporters.JUnitXMLReporter -->
<testsuite ignored="4" hostname="Azmat" failures="0" tests="4" name="classes" time="26.002" errors="0" timestamp="2025-12-17T04:35:38 IST">
  <testcase classname="Testing_Practice.DemoTest" name="M1" time="0.007"/>
  <testcase classname="Testing_Practice.DemoTest2" name="impact" time="0.002"/>
  <testcase classname="Testing_Practice.DemoTest2" name="practice" time="0.0"/>
  <testcase classname="Testing_Practice.DemoTest1" name="test1" time="0.0"/>
  <testcase classname="Generic_libraries.BaseClass" name="@BeforeSuite ConnectToDb" time="0.0">
    <ignored/>
  </testcase> <!-- @BeforeSuite ConnectToDb -->
  <testcase classname="Generic_libraries.BaseClass" name="@AfterSuite disconnect" time="0.0">
    <ignored/>
  </testcase> <!-- @AfterSuite disconnect -->
  <testcase classname="Generic_libraries.BaseClass" name="@BeforeSuite ConnectToDb" time="0.0">
    <ignored/>
  </testcase> <!-- @BeforeSuite ConnectToDb -->
  <testcase classname="Generic_libraries.BaseClass" name="@AfterSuite disconnect" time="0.0">
    <ignored/>
  </testcase> <!-- @AfterSuite disconnect -->
</testsuite> <!-- classes -->
