<?xml version="1.0" encoding="UTF-8"?>
<!-- Generated by org.testng.reporters.JUnitXMLReporter -->
<testsuite ignored="2" hostname="Azmat" failures="2" tests="2" name="Test runner -3" time="0.901" errors="0" timestamp="2025-12-24T07:03:25 IST">
  <testcase classname="Contacts.CreateContactWithMandatoryField" name="CreateConwithMand" time="0.516">
    <failure type="java.lang.NullPointerException" message="Cannot invoke &amp;quot;org.apache.poi.ss.usermodel.Row.getCell(int)&amp;quot; because the return value of &amp;quot;org.apache.poi.ss.usermodel.Sheet.getRow(int)&amp;quot; is null">
      <![CDATA[java.lang.NullPointerException: Cannot invoke "org.apache.poi.ss.usermodel.Row.getCell(int)" because the return value of "org.apache.poi.ss.usermodel.Sheet.getRow(int)" is null
at Generic_libraries.Excelutiles.readSingleDataFromEXcel(Excelutiles.java:31)
at Contacts.CreateContactWithMandatoryField.CreateConwithMand(CreateContactWithMandatoryField.java:52)
at java.base/java.util.ArrayList.forEach(ArrayList.java:1511)
at java.base/java.util.concurrent.FutureTask.run(FutureTask.java:264)
at java.base/java.util.concurrent.ThreadPoolExecutor.runWorker(ThreadPoolExecutor.java:1136)
at java.base/java.util.concurrent.ThreadPoolExecutor$Worker.run(ThreadPoolExecutor.java:635)
at java.base/java.lang.Thread.run(Thread.java:842)
... Removed 17 stack frames]]>
    </failure>
  </testcase> <!-- CreateConwithMand -->
  <testcase classname="Contacts.CreateContactWithMandatoryField" name="CreateConwithMand" time="0.537">
    <failure type="java.lang.NullPointerException" message="Cannot invoke &amp;quot;org.openqa.selenium.TakesScreenshot.getScreenshotAs(org.openqa.selenium.OutputType)&amp;quot; because &amp;quot;ts&amp;quot; is null">
      <![CDATA[java.lang.NullPointerException: Cannot invoke "org.openqa.selenium.TakesScreenshot.getScreenshotAs(org.openqa.selenium.OutputType)" because "ts" is null
at Generic_libraries.ListnerImplementationClass.onTestFailure(ListnerImplementationClass.java:59)
at java.base/java.util.ArrayList.forEach(ArrayList.java:1511)
at java.base/java.util.concurrent.FutureTask.run(FutureTask.java:264)
at java.base/java.util.concurrent.ThreadPoolExecutor.runWorker(ThreadPoolExecutor.java:1136)
at java.base/java.util.concurrent.ThreadPoolExecutor$Worker.run(ThreadPoolExecutor.java:635)
at java.base/java.lang.Thread.run(Thread.java:842)
... Removed 14 stack frames]]>
    </failure>
  </testcase> <!-- CreateConwithMand -->
  <testcase classname="Generic_libraries.BaseClass" name="@BeforeSuite ConnectToDb" time="0.0">
    <ignored/>
  </testcase> <!-- @BeforeSuite ConnectToDb -->
  <testcase classname="Generic_libraries.BaseClass" name="@AfterSuite disconnect" time="0.0">
    <ignored/>
  </testcase> <!-- @AfterSuite disconnect -->
</testsuite> <!-- Test runner -3 -->
