<?xml version="1.0" encoding="UTF-8"?>
<!-- Generated by org.testng.reporters.JUnitXMLReporter -->
<testsuite ignored="2" hostname="Azmat" failures="1" tests="4" name="Test_PO" time="55.872" errors="0" timestamp="2025-12-22T08:58:03 IST">
  <testcase classname="Organization.CreateOrganizationWithDropDown" name="CreateOrgWithManFeilds" time="8.738"/>
  <testcase classname="Product.CreateProduct" name="CreateProduct" time="0.005">
    <failure type="java.lang.NullPointerException" message="Cannot invoke &amp;quot;org.apache.poi.ss.usermodel.Row.getCell(int)&amp;quot; because the return value of &amp;quot;org.apache.poi.ss.usermodel.Sheet.getRow(int)&amp;quot; is null">
      <![CDATA[java.lang.NullPointerException: Cannot invoke "org.apache.poi.ss.usermodel.Row.getCell(int)" because the return value of "org.apache.poi.ss.usermodel.Sheet.getRow(int)" is null
at Generic_libraries.Excelutiles.readSingleDataFromEXcel(Excelutiles.java:31)
at Product.CreateProduct.CreateProduct(CreateProduct.java:42)
at java.base/java.util.ArrayList.forEach(ArrayList.java:1511)
at java.base/java.util.concurrent.FutureTask.run(FutureTask.java:264)
at java.base/java.util.concurrent.ThreadPoolExecutor.runWorker(ThreadPoolExecutor.java:1136)
at java.base/java.util.concurrent.ThreadPoolExecutor$Worker.run(ThreadPoolExecutor.java:635)
at java.base/java.lang.Thread.run(Thread.java:842)
... Removed 17 stack frames]]>
    </failure>
  </testcase> <!-- CreateProduct -->
  <testcase classname="Organization.CreateOrgWithMandaryFeldTest" name="CreateOrgWithManFel" time="14.105"/>
  <testcase classname="Product.CreateProduct1" name="ProductTest" time="15.064"/>
  <testcase classname="Generic_libraries.BaseClass" name="@BeforeSuite ConnectToDb" time="0.0">
    <ignored/>
  </testcase> <!-- @BeforeSuite ConnectToDb -->
  <testcase classname="Generic_libraries.BaseClass" name="@AfterSuite disconnect" time="0.0">
    <ignored/>
  </testcase> <!-- @AfterSuite disconnect -->
</testsuite> <!-- Test_PO -->
