<?xml version="1.0" encoding="UTF-8"?>
<!-- Generated by org.testng.reporters.JUnitReportReporter -->
<testsuite hostname="Azmat" failures="0" tests="7" name="Test_NG.DataPrividerStoreDate" time="0.008" errors="0" timestamp="2025-12-18T09:32:17 IST" skipped="0">
  <testcase classname="Test_NG.DataPrividerStoreDate" name="geThedata" time="0.001"/>
  <testcase classname="Test_NG.DataPrividerStoreDate" name="geThedata" time="0.000"/>
  <testcase classname="Test_NG.DataPrividerStoreDate" name="geThedata" time="0.005"/>
  <testcase classname="Test_NG.DataPrividerStoreDate" name="geThedata" time="0.001"/>
  <testcase classname="Test_NG.DataPrividerStoreDate" name="geThedata" time="0.000"/>
  <testcase classname="Test_NG.DataPrividerStoreDate" name="geThedata" time="0.000"/>
  <testcase classname="Test_NG.DataPrividerStoreDate" name="geThedata" time="0.001"/>
</testsuite> <!-- Test_NG.DataPrividerStoreDate -->
