<?xml version="1.0" encoding="UTF-8"?>
<testng-results ignored="0" total="1" passed="1" failed="0" skipped="0">
  <reporter-output>
  </reporter-output>
  <suite started-at="2025-12-29T10:09:10 IST" name="Surefire suite" finished-at="2025-12-29T10:09:23 IST" duration-ms="13063">
    <groups>
      <group name="Smoke">
        <method signature="CreateVendorAccount.CreateVen()[pri:0, instance:Vendor.CreateVendorAccount@3d121db3]" name="CreateVen" class="Vendor.CreateVendorAccount"/>
      </group> <!-- Smoke -->
    </groups>
    <test started-at="2025-12-29T10:09:10 IST" name="Surefire test" finished-at="2025-12-29T10:09:23 IST" duration-ms="13063">
      <class name="Vendor.CreateVendorAccount">
        <test-method signature="CreateVen()[pri:0, instance:Vendor.CreateVendorAccount@3d121db3]" started-at="2025-12-29T10:09:10 IST" name="CreateVen" finished-at="2025-12-29T10:09:23 IST" duration-ms="13022" status="PASS">
          <reporter-output>
          </reporter-output>
        </test-method> <!-- CreateVen -->
      </class> <!-- Vendor.CreateVendorAccount -->
    </test> <!-- Surefire test -->
  </suite> <!-- Surefire suite -->
</testng-results>
