<?xml version="1.0" encoding="UTF-8"?>
<testng-results ignored="0" total="1" passed="1" failed="0" skipped="0">
  <reporter-output>
  </reporter-output>
  <suite started-at="2025-12-29T10:11:59 IST" name="Default suite" finished-at="2025-12-29T10:11:59 IST" duration-ms="76">
    <groups>
    </groups>
    <test started-at="2025-12-29T10:11:59 IST" name="Default test" finished-at="2025-12-29T10:11:59 IST" duration-ms="76">
      <class name="Advance_selenium_TestNG.ReadTheDataXmlTest">
        <test-method signature="test(org.testng.xml.XmlTest)[pri:0, instance:Advance_selenium_TestNG.ReadTheDataXmlTest@7d8995e]" started-at="2025-12-29T10:11:59 IST" name="test" finished-at="2025-12-29T10:11:59 IST" duration-ms="10" status="PASS">
          <params>
            <param index="0">
              <value>
                <![CDATA[org.testng.xml.XmlTest@de897f20]]>
              </value>
            </param>
          </params>
          <reporter-output>
          </reporter-output>
        </test-method> <!-- test -->
      </class> <!-- Advance_selenium_TestNG.ReadTheDataXmlTest -->
    </test> <!-- Default test -->
  </suite> <!-- Default suite -->
</testng-results>
